Execute CalibMonitor with infile:d24CE.txt dirName: hcalIsoTrackAnalyzer dupFile:  comFile: outFile: prefix: 24CE3 corrFile: 24CE2corr.txt rcoFile:PhiSym2024_RunC.txt puCorr:-8 Flag:41031 Numb:54 dataMC:1 truncate:2 useGen:0 Scale:1 useScale:0 etaRange:0:30 runRange:0:99999999 phiRange:1:72 zside:1 nvxRange:0:1000 rbxFile: exclude:0 etaMax:0 histFile:24CEM3.root append:1 all:1 nmax:-1
Create a chain for hcalIsoTrackAnalyzer/CalibTree from d24CE.txt flags 1|3|-8
 cons 0.050905 eta range 0:30 run range 0:99999999 (inclusion flag 1)
 Selection of RBX 0 Vertex Range 0:1000
 corrFileName: 24CE2corr.txt useScale 0:1:0
 rcorFileName: PhiSym2024_RunC.txt flag 4:1:0 Threshold Flag 0
No. of Entries in this tree : 96487
Proceed with a tree chain with 96487 entries
Cannot open file 24CE2corr.txt
Reads 0 correction factors from 24CE2corr.txt with flag 0
Flag for scale 0 with scale 1; flag for etaMax 0 and flag for Format 0
No event list provided for selection
Book Histos for Non-Standard 55:3
CalibCorr is created with flag 4:4 for i/p file PhiSym2024_RunC.txt
Enters readCorrPhi for PhiSym2024_RunC.txt
Cannot open file PhiSym2024_RunC.txt
Total entries 96487:96487
Entry 0 Run 380197 Event 53051885

Summary of entries with 6 runs
[0] Run 379617 Total 2061 in p-bins 0:0:0:2061
[1] Run 379729 Total 870 in p-bins 0:0:0:870
[2] Run 379765 Total 3998 in p-bins 0:0:0:3998
[3] Run 379774 Total 207 in p-bins 0:0:0:207
[4] Run 379866 Total 4046 in p-bins 0:0:0:4046
[5] Run 380197 Total 1268 in p-bins 0:0:0:1268
0 runs with 0 energy in HCAL
0 runs with 0 energy in ECAL and HCAL
Finds 0 Duplicate events out of 96487 events in this file with p>10 Gev
Number of selected events:
10:20     0
20:30     0
30:40     0
40:60     12450
60:100     0
100:500     0
Number in each step for tracks of momentum 40-60 GeV:  [0] 96487 [1] 96487 [2] 96487 [3] 96487 [4] 96487 [5] 96487 [6] 96487 [7] 96487 [8] 57489 [9] 15586 [10] 12450 [11] 12450 [12] 12450 [13] 12450 [14] 0 [15] 12450 [16] 12450 [17] 12450
Number in each step for tracks of momentum 10-20 Gev:  [0] 0 [1] 0 [2] 0 [3] 0 [4] 0 [5] 0 [6] 0 [7] 0 [8] 0 [9] 0 [10] 0 [11] 0 [12] 0 [13] 0 [14] 0 [15] 0 [16] 0 [17] 0
Number in each step for tracks of momentum 20-30 Gev:  [0] 0 [1] 0 [2] 0 [3] 0 [4] 0 [5] 0 [6] 0 [7] 0 [8] 0 [9] 0 [10] 0 [11] 0 [12] 0 [13] 0 [14] 0 [15] 0 [16] 0 [17] 0
Number in each step for tracks of momentum 30-40 Gev:  [0] 0 [1] 0 [2] 0 [3] 0 [4] 0 [5] 0 [6] 0 [7] 0 [8] 0 [9] 0 [10] 0 [11] 0 [12] 0 [13] 0 [14] 0 [15] 0 [16] 0 [17] 0
Number in each step for tracks of momentum 40-60 Gev:  [0] 96487 [1] 96487 [2] 96487 [3] 96487 [4] 96487 [5] 96487 [6] 96487 [7] 96487 [8] 57489 [9] 15586 [10] 12450 [11] 12450 [12] 12450 [13] 12450 [14] 0 [15] 12450 [16] 12450 [17] 12450
Number in each step for tracks of momentum 60-100 Gev:  [0] 0 [1] 0 [2] 0 [3] 0 [4] 0 [5] 0 [6] 0 [7] 0 [8] 0 [9] 0 [10] 0 [11] 0 [12] 0 [13] 0 [14] 0 [15] 0 [16] 0 [17] 0
Number in each step for tracks of momentum 100-500 Gev:  [0] 0 [1] 0 [2] 0 [3] 0 [4] 0 [5] 0 [6] 0 [7] 0 [8] 0 [9] 0 [10] 0 [11] 0 [12] 0 [13] 0 [14] 0 [15] 0 [16] 0 [17] 0
All done
