DEBUG 2024-06-24 15:51:57.561 UTC: 	 CRAB Client version: v3.240416
DEBUG 2024-06-24 15:51:57.561 UTC: 	 Running on: Linux lxplus807.cern.ch 4.18.0-513.24.1.el8_9.x86_64 #1 SMP Thu Mar 14 14:20:09 EDT 2024 x86_64 x86_64 x86_64 GNU/Linux - Red Hat Enterprise Linux 8.10 (Ootpa)
DEBUG 2024-06-24 15:51:57.561 UTC: 	 Executing command: 'submit'
DEBUG 2024-06-24 15:51:57.562 UTC: 	 Found CRAB cache file /afs/cern.ch/user/s/smagedov/.crab3
INFO 2024-06-24 15:51:57.582 UTC: 	 Will use CRAB configuration file CrabConfig_Commissioning.py
DEBUG 2024-06-24 15:51:57.582 UTC: 	 Loading CRAB configuration file.
DEBUG 2024-06-24 15:51:57.600 UTC: 	 Will use CRAB plugin ANALYSIS (i.e. will run an analysis job type).
DEBUG 2024-06-24 15:51:57.607 UTC: 	 Checking credentials
DEBUG 2024-06-24 15:51:57.607 UTC: 	 Proxy file /tmp/x509up_u155799 not found
DEBUG 2024-06-24 15:51:57.607 UTC: 	 Creating new proxy for 172:00 hours
DEBUG 2024-06-24 15:51:57.607 UTC: 	 Executing command :
 voms-proxy-init --rfc --cert ~/.globus/usercert.pem --key ~/.globus/userkey.pem --out /tmp/x509up_u155799 --valid 192:00 --voms cms:/cms
DEBUG 2024-06-24 15:52:07.318 UTC: 	 output : 
 error: 
 retcode : 0
DEBUG 2024-06-24 15:52:07.319 UTC: 	 Executing command :
 voms-proxy-info --actimeleft --timeleft --file /tmp/x509up_u155799
DEBUG 2024-06-24 15:52:07.832 UTC: 	 output : 691199
691199

 error: 
 retcode : 0
DEBUG 2024-06-24 15:52:07.832 UTC: 	 Proxy created.
DEBUG 2024-06-24 15:52:07.832 UTC: 	 Encoded data for curl request: subresource=delegatedn
DEBUG 2024-06-24 15:52:07.895 UTC: 	 Registering user credentials on myproxy for /DC=ch/DC=cern/OU=computers/CN=crab-(preprod|prod)-tw(01|02).cern.ch|/DC=ch/DC=cern/OU=computers/CN=crab-dev-tw(01|02|03|04).cern.ch|/DC=ch/DC=cern/OU=Organic Units/OU=Users/CN=cmscrab/CN=817881/CN=Robot: cms crab
DEBUG 2024-06-24 15:52:07.895 UTC: 	 Executing command :
 voms-proxy-info --identity --file /tmp/x509up_u155799
DEBUG 2024-06-24 15:52:08.455 UTC: 	 output : /DC=ch/DC=cern/OU=Organic Units/OU=Users/CN=smagedov/CN=864272/CN=Sergey Igorevich Magedov

 error: 
 retcode : 0
DEBUG 2024-06-24 15:52:08.455 UTC: 	 Getting myproxy life time left for a1610dbcedda854aa350e8fb41c6116f6796eb5c
DEBUG 2024-06-24 15:52:08.455 UTC: 	 Executing command :
 myproxy-info -s myproxy.cern.ch -l a1610dbcedda854aa350e8fb41c6116f6796eb5c
DEBUG 2024-06-24 15:52:08.801 UTC: 	 output : username: a1610dbcedda854aa350e8fb41c6116f6796eb5c
owner: /DC=ch/DC=cern/OU=Organic Units/OU=Users/CN=smagedov/CN=864272/CN=Sergey Igorevich Magedov
  renewal policy: /DC=ch/DC=cern/OU=computers/CN=crab-(preprod|prod)-tw(01|02).cern.ch|/DC=ch/DC=cern/OU=computers/CN=crab-dev-tw(01|02|03|04).cern.ch|/DC=ch/DC=cern/OU=Organic Units/OU=Users/CN=cmscrab/CN=817881/CN=Robot: cms crab
  trusted retrieval policy: /DC=ch/DC=cern/OU=computers/CN=crab-(preprod|prod)-tw(01|02).cern.ch|/DC=ch/DC=cern/OU=computers/CN=crab-dev-tw(01|02|03|04).cern.ch|/DC=ch/DC=cern/OU=Organic Units/OU=Users/CN=cmscrab/CN=817881/CN=Robot: cms crab
  timeleft: 383:51:38  (16.0 days)

 error: 
 retcode : 0
DEBUG 2024-06-24 15:52:08.802 UTC: 	 Myproxy is valid: 1381860
DEBUG 2024-06-24 15:52:08.802 UTC: 	 Result of myproxy credential check:
  Credential exists on myproxy: username: a1610dbcedda854aa350e8fb41c6116f6796eb5c  - validity: 15 days, 23:51:00
DEBUG 2024-06-24 15:52:08.802 UTC: 	 Command use: submit
DEBUG 2024-06-24 15:52:08.802 UTC: 	 Options use: ['-c', 'CrabConfig_Commissioning.py']
DEBUG 2024-06-24 15:52:08.802 UTC: 	 Encoded data for curl request: subresource=version
DEBUG 2024-06-24 15:52:08.849 UTC: 	 CRABClient version: v3.240416
DEBUG 2024-06-24 15:52:08.849 UTC: 	 Instance is prod
DEBUG 2024-06-24 15:52:08.849 UTC: 	 Server base url is cmsweb.cern.ch
DEBUG 2024-06-24 15:52:08.849 UTC: 	 Command api workflow
DEBUG 2024-06-24 15:52:08.849 UTC: 	 Started submission
DEBUG 2024-06-24 15:52:08.849 UTC: 	 Working on /afs/cern.ch/user/s/smagedov/CMSSW_14_1_X_2024-06-16-0000/src/isoTrack/CRAB3_IsoTrkCalib_Comissioning_2024C_v2/crab_IsoTrk_2024C_Comissioning_v2
DEBUG 2024-06-24 15:52:08.850 UTC: 	 Encoded data for curl request: subresource=backendurls
DEBUG 2024-06-24 15:52:09.073 UTC: 	 Loading required information from the environment
DEBUG 2024-06-24 15:52:09.073 UTC: 	 Found CMSSW_14_1_X_2024-06-16-0000 for el8_amd64_gcc12 with base /afs/cern.ch/user/s/smagedov/CMSSW_14_1_X_2024-06-16-0000
DEBUG 2024-06-24 15:52:09.073 UTC: 	 Loading required information from the environment
DEBUG 2024-06-24 15:52:09.073 UTC: 	 Found CMSSW_14_1_X_2024-06-16-0000 for el8_amd64_gcc12 with base /afs/cern.ch/user/s/smagedov/CMSSW_14_1_X_2024-06-16-0000
DEBUG 2024-06-24 15:52:09.073 UTC: 	 UNIQUE NAME: tarUUID eb4d2e93-3edc-4f34-9cd6-b98560b45a57 
DEBUG 2024-06-24 15:52:09.073 UTC: 	 self.config: from WMCore.Configuration import Configuration
config = Configuration()
config.section_('General')
config.General.requestName = 'IsoTrk_2024C_Comissioning_v2'
config.General.workArea = 'CRAB3_IsoTrkCalib_Comissioning_2024C_v2'
config.General.transferLogs = True
config.General.transferOutputs = True
config.section_('JobType')
config.JobType.pluginName = 'Analysis'
config.JobType.psetName = 'isoTrackAlCaCommissioning_cfg.py'
config.JobType.allowUndistributedCMSSW = True
config.JobType.maxMemoryMB = 4000
config.section_('Data')
config.Data.publication = False
config.Data.unitsPerJob = 1
config.Data.outLFNDirBase = '/store/user/smagedov/'
config.Data.splitting = 'FileBased'
config.Data.inputDataset = '/Commissioning/Run2024C-HcalCalIsoTrk-PromptReco-v1/ALCARECO'
config.section_('Site')
config.Site.storageSite = 'T3_US_FNALLPC'
config.section_('User')
config.section_('Debug')

DEBUG 2024-06-24 15:52:09.073 UTC: 	 self.config.JobType.psetName: isoTrackAlCaCommissioning_cfg.py
INFO 2024-06-24 15:52:09.073 UTC: 	 Importing CMSSW configuration isoTrackAlCaCommissioning_cfg.py
INFO 2024-06-24 15:52:16.770 UTC: 	 Finished importing CMSSW configuration isoTrackAlCaCommissioning_cfg.py
DEBUG 2024-06-24 15:52:16.770 UTC: 	 Writing CMSSW configuration to /afs/cern.ch/user/s/smagedov/CMSSW_14_1_X_2024-06-16-0000/src/isoTrack/CRAB3_IsoTrkCalib_Comissioning_2024C_v2/crab_IsoTrk_2024C_Comissioning_v2/inputs/PSet.py
DEBUG 2024-06-24 15:52:16.800 UTC: 	 The following EDM output files will be collected: []
DEBUG 2024-06-24 15:52:16.800 UTC: 	 The following TFile output files will be collected: ['output.root']
DEBUG 2024-06-24 15:52:16.800 UTC: 	 The following user output files (not listed as PoolOuputModule or TFileService in the CMSSW PSet) will be collected: 
DEBUG 2024-06-24 15:52:16.800 UTC: 	 Loading required information from the environment
DEBUG 2024-06-24 15:52:16.800 UTC: 	 Found CMSSW_14_1_X_2024-06-16-0000 for el8_amd64_gcc12 with base /afs/cern.ch/user/s/smagedov/CMSSW_14_1_X_2024-06-16-0000
DEBUG 2024-06-24 15:52:16.800 UTC: 	 Making tarball in /afs/cern.ch/user/s/smagedov/CMSSW_14_1_X_2024-06-16-0000/src/isoTrack/CRAB3_IsoTrkCalib_Comissioning_2024C_v2/crab_IsoTrk_2024C_Comissioning_v2/inputs/eb4d2e93-3edc-4f34-9cd6-b98560b45a57default.tgz
DEBUG 2024-06-24 15:52:16.801 UTC: 	 Checking directory /afs/cern.ch/user/s/smagedov/CMSSW_14_1_X_2024-06-16-0000/bin
DEBUG 2024-06-24 15:52:16.801 UTC: 	 Adding directory /afs/cern.ch/user/s/smagedov/CMSSW_14_1_X_2024-06-16-0000/bin to tarball
DEBUG 2024-06-24 15:52:16.816 UTC: 	 Checking directory /afs/cern.ch/user/s/smagedov/CMSSW_14_1_X_2024-06-16-0000/python
DEBUG 2024-06-24 15:52:16.817 UTC: 	 Adding directory /afs/cern.ch/user/s/smagedov/CMSSW_14_1_X_2024-06-16-0000/python to tarball
DEBUG 2024-06-24 15:52:16.817 UTC: 	 Checking directory /afs/cern.ch/user/s/smagedov/CMSSW_14_1_X_2024-06-16-0000/cfipython
DEBUG 2024-06-24 15:52:16.817 UTC: 	 Adding directory /afs/cern.ch/user/s/smagedov/CMSSW_14_1_X_2024-06-16-0000/cfipython to tarball
DEBUG 2024-06-24 15:52:16.864 UTC: 	 Checking directory /afs/cern.ch/user/s/smagedov/CMSSW_14_1_X_2024-06-16-0000/lib
DEBUG 2024-06-24 15:52:16.864 UTC: 	 Adding directory /afs/cern.ch/user/s/smagedov/CMSSW_14_1_X_2024-06-16-0000/lib to tarball
DEBUG 2024-06-24 15:52:16.881 UTC: 	 Checking directory /afs/cern.ch/user/s/smagedov/CMSSW_14_1_X_2024-06-16-0000/biglib
DEBUG 2024-06-24 15:52:16.881 UTC: 	 Adding directory /afs/cern.ch/user/s/smagedov/CMSSW_14_1_X_2024-06-16-0000/biglib to tarball
DEBUG 2024-06-24 15:52:16.927 UTC: 	 Checking directory /afs/cern.ch/user/s/smagedov/CMSSW_14_1_X_2024-06-16-0000/module
DEBUG 2024-06-24 15:52:16.975 UTC: 	 Checking directory /afs/cern.ch/user/s/smagedov/CMSSW_14_1_X_2024-06-16-0000/config/SCRAM/hooks
DEBUG 2024-06-24 15:52:16.975 UTC: 	 Adding directory /afs/cern.ch/user/s/smagedov/CMSSW_14_1_X_2024-06-16-0000/config/SCRAM/hooks to tarball
DEBUG 2024-06-24 15:52:17.661 UTC: 	 Adding directory /afs/cern.ch/user/s/smagedov/CMSSW_14_1_X_2024-06-16-0000/src/Calibration/HcalCalibAlgos/data to tarball
DEBUG 2024-06-24 15:52:18.921 UTC: 	 Adding directory /afs/cern.ch/user/s/smagedov/CMSSW_14_1_X_2024-06-16-0000/src/Calibration/HcalCalibAlgos/interface to tarball
DEBUG 2024-06-24 15:52:19.033 UTC: 	 Adding directory /afs/cern.ch/user/s/smagedov/CMSSW_14_1_X_2024-06-16-0000/src/Calibration/HcalCalibAlgos/python to tarball
DEBUG 2024-06-24 15:52:19.144 UTC: 	 Adding directory /afs/cern.ch/user/s/smagedov/CMSSW_14_1_X_2024-06-16-0000/src/Calibration/HcalCalibAlgos/test/python to tarball
DEBUG 2024-06-24 15:52:20.716 UTC: 	 Uploading archive /afs/cern.ch/user/s/smagedov/CMSSW_14_1_X_2024-06-16-0000/src/isoTrack/CRAB3_IsoTrkCalib_Comissioning_2024C_v2/crab_IsoTrk_2024C_Comissioning_v2/inputs/eb4d2e93-3edc-4f34-9cd6-b98560b45a57default.tgz (438 KB) to the CRAB cache. Using URI https://cmsweb.cern.ch/S3/crabcache_prod
DEBUG 2024-06-24 15:52:21.082 UTC: 	 Encoded data for curl request: subresource=upload&objecttype=sandbox&tarballname=9caf651517749de97a34e0a5095d1eff61a3d6be5e67783c9fa6c08e16d24e33.tar.gz
DEBUG 2024-06-24 15:52:21.449 UTC: 	 Will execute:
curl -f -v -X POST  -H "User-Agent: CRAB" -F "key=smagedov/sandboxes/9caf651517749de97a34e0a5095d1eff61a3d6be5e67783c9fa6c08e16d24e33.tar.gz" -F "AWSAccessKeyId=e57ff634b5334df9819ae3f956de5ca6" -F "policy=eyJleHBpcmF0aW9uIjogIjIwMjQtMDYtMjRUMTY6NTI6MjFaIiwgImNvbmRpdGlvbnMiOiBbeyJidWNrZXQiOiAiY3JhYmNhY2hlX3Byb2QifSwgeyJrZXkiOiAic21hZ2Vkb3Yvc2FuZGJveGVzLzljYWY2NTE1MTc3NDlkZTk3YTM0ZTBhNTA5NWQxZWZmNjFhM2Q2YmU1ZTY3NzgzYzlmYTZjMDhlMTZkMjRlMzMudGFyLmd6In1dfQ==" -F "signature=XQKJZuGtT+wyWd69hPFc+7v08Dc=" -F "file=@/afs/cern.ch/user/s/smagedov/CMSSW_14_1_X_2024-06-16-0000/src/isoTrack/CRAB3_IsoTrkCalib_Comissioning_2024C_v2/crab_IsoTrk_2024C_Comissioning_v2/inputs/eb4d2e93-3edc-4f34-9cd6-b98560b45a57default.tgz" "https://s3.cern.ch/crabcache_prod"
DEBUG 2024-06-24 15:52:21.497 UTC: 	 exitcode: 0
stdout: b''
DEBUG 2024-06-24 15:52:21.497 UTC: 	 sandbox /afs/cern.ch/user/s/smagedov/CMSSW_14_1_X_2024-06-16-0000/src/isoTrack/CRAB3_IsoTrkCalib_Comissioning_2024C_v2/crab_IsoTrk_2024C_Comissioning_v2/inputs/eb4d2e93-3edc-4f34-9cd6-b98560b45a57default.tgz successully uploaded to S3
DEBUG 2024-06-24 15:52:21.498 UTC: 	 Loading required information from the environment
DEBUG 2024-06-24 15:52:21.498 UTC: 	 Found CMSSW_14_1_X_2024-06-16-0000 for el8_amd64_gcc12 with base /afs/cern.ch/user/s/smagedov/CMSSW_14_1_X_2024-06-16-0000
DEBUG 2024-06-24 15:52:21.498 UTC: 	 Making tarball in /afs/cern.ch/user/s/smagedov/CMSSW_14_1_X_2024-06-16-0000/src/isoTrack/CRAB3_IsoTrkCalib_Comissioning_2024C_v2/crab_IsoTrk_2024C_Comissioning_v2/inputs/debugFiles.tgz
DEBUG 2024-06-24 15:52:21.502 UTC: 	 Uploading archive /afs/cern.ch/user/s/smagedov/CMSSW_14_1_X_2024-06-16-0000/src/isoTrack/CRAB3_IsoTrkCalib_Comissioning_2024C_v2/crab_IsoTrk_2024C_Comissioning_v2/inputs/debugFiles.tgz (1 KB) to the CRAB cache. Using URI https://cmsweb.cern.ch/S3/crabcache_prod
DEBUG 2024-06-24 15:52:21.504 UTC: 	 Encoded data for curl request: subresource=upload&objecttype=sandbox&tarballname=794dee29ccee5401ed6c6be2f2bac269de9a5765fbe7a4abd368af766dfea4ee.tar.gz
DEBUG 2024-06-24 15:52:21.707 UTC: 	 Will execute:
curl -f -v -X POST  -H "User-Agent: CRAB" -F "key=smagedov/sandboxes/794dee29ccee5401ed6c6be2f2bac269de9a5765fbe7a4abd368af766dfea4ee.tar.gz" -F "AWSAccessKeyId=e57ff634b5334df9819ae3f956de5ca6" -F "policy=eyJleHBpcmF0aW9uIjogIjIwMjQtMDYtMjRUMTY6NTI6MjFaIiwgImNvbmRpdGlvbnMiOiBbeyJidWNrZXQiOiAiY3JhYmNhY2hlX3Byb2QifSwgeyJrZXkiOiAic21hZ2Vkb3Yvc2FuZGJveGVzLzc5NGRlZTI5Y2NlZTU0MDFlZDZjNmJlMmYyYmFjMjY5ZGU5YTU3NjVmYmU3YTRhYmQzNjhhZjc2NmRmZWE0ZWUudGFyLmd6In1dfQ==" -F "signature=dfkP+0OTxn2g0RywyeuIJwsXTQk=" -F "file=@/afs/cern.ch/user/s/smagedov/CMSSW_14_1_X_2024-06-16-0000/src/isoTrack/CRAB3_IsoTrkCalib_Comissioning_2024C_v2/crab_IsoTrk_2024C_Comissioning_v2/inputs/debugFiles.tgz" "https://s3.cern.ch/crabcache_prod"
DEBUG 2024-06-24 15:52:21.753 UTC: 	 exitcode: 0
stdout: b''
DEBUG 2024-06-24 15:52:21.754 UTC: 	 sandbox /afs/cern.ch/user/s/smagedov/CMSSW_14_1_X_2024-06-16-0000/src/isoTrack/CRAB3_IsoTrkCalib_Comissioning_2024C_v2/crab_IsoTrk_2024C_Comissioning_v2/inputs/debugFiles.tgz successully uploaded to S3
DEBUG 2024-06-24 15:52:21.754 UTC: 	 Result uploading input files: 9caf651517749de97a34e0a5095d1eff61a3d6be5e67783c9fa6c08e16d24e33.tar.gz 
DEBUG 2024-06-24 15:52:21.754 UTC: 	 submit() - self.configuration from WMCore.Configuration import Configuration
config = Configuration()
config.section_('General')
config.General.requestName = 'IsoTrk_2024C_Comissioning_v2'
config.General.workArea = 'CRAB3_IsoTrkCalib_Comissioning_2024C_v2'
config.General.transferLogs = True
config.General.transferOutputs = True
config.section_('JobType')
config.JobType.pluginName = 'Analysis'
config.JobType.psetName = 'isoTrackAlCaCommissioning_cfg.py'
config.JobType.allowUndistributedCMSSW = True
config.JobType.maxMemoryMB = 4000
config.section_('Data')
config.Data.publication = False
config.Data.unitsPerJob = 1
config.Data.outLFNDirBase = '/store/user/smagedov/'
config.Data.splitting = 'FileBased'
config.Data.inputDataset = '/Commissioning/Run2024C-HcalCalIsoTrk-PromptReco-v1/ALCARECO'
config.section_('Site')
config.Site.storageSite = 'T3_US_FNALLPC'
config.section_('User')
config.section_('Debug')

DEBUG 2024-06-24 15:52:21.754 UTC: 	 submit() - self.configreq {'dryrun': 0, 'workflow': 'crab_IsoTrk_2024C_Comissioning_v2', 'saveoutput': 1, 'savelogsflag': 1, 'inputdata': '/Commissioning/Run2024C-HcalCalIsoTrk-PromptReco-v1/ALCARECO', 'primarydataset': '', 'nonvaliddata': 0, 'userfiles': [], 'dbsurl': 'https://cmsweb.cern.ch/dbs/prod/global/DBSReader', 'useparent': 0, 'ignorelocality': 0, 'splitalgo': 'FileBased', 'algoargs': 1, 'totalunits': 0, 'lfn': '/store/user/smagedov/', 'publication': 0, 'publishdbsurl': 'https://cmsweb.cern.ch/dbs/prod/phys03/DBSWriter', 'publishname2': '', 'jobtype': 'Analysis', 'generator': 'pythia', 'addoutputfiles': [], 'maxjobruntime': 1250, 'numcores': 1, 'maxmemory': 4000, 'priority': 10, 'nonprodsw': 1, 'asyncdest': 'T3_US_FNALLPC', 'requireaccelerator': 0, 'oneEventMode': 0, 'extrajdl': [], 'ignoreglobalblacklist': 0, 'partialdataset': 0, 'inputblocks': []}
DEBUG 2024-06-24 15:52:21.754 UTC: 	 submit() - jobconfig {'addoutputfiles': [], 'tfileoutfiles': ['output.root'], 'edmoutfiles': [], 'jobarch': 'el8_amd64_gcc12', 'jobsw': 'CMSSW_14_1_X_2024-06-16-0000', 'inputdata': '/Commissioning/Run2024C-HcalCalIsoTrk-PromptReco-v1/ALCARECO', 'cacheurl': 'https://cmsweb.cern.ch/S3/crabcache_prod', 'cachefilename': '9caf651517749de97a34e0a5095d1eff61a3d6be5e67783c9fa6c08e16d24e33.tar.gz', 'debugfilename': '794dee29ccee5401ed6c6be2f2bac269de9a5765fbe7a4abd368af766dfea4ee.tar.gz', 'jobtype': 'Analysis'}
INFO 2024-06-24 15:52:21.754 UTC: 	 Sending the request to the server at cmsweb.cern.ch
DEBUG 2024-06-24 15:52:21.754 UTC: 	 Submitting {'dryrun': 0, 'workflow': 'crab_IsoTrk_2024C_Comissioning_v2', 'saveoutput': 1, 'savelogsflag': 1, 'inputdata': '/Commissioning/Run2024C-HcalCalIsoTrk-PromptReco-v1/ALCARECO', 'primarydataset': '', 'nonvaliddata': 0, 'userfiles': [], 'dbsurl': 'https://cmsweb.cern.ch/dbs/prod/global/DBSReader', 'useparent': 0, 'ignorelocality': 0, 'splitalgo': 'FileBased', 'algoargs': 1, 'totalunits': 0, 'lfn': '/store/user/smagedov/', 'publication': 0, 'publishdbsurl': 'https://cmsweb.cern.ch/dbs/prod/phys03/DBSWriter', 'publishname2': '', 'jobtype': 'Analysis', 'generator': 'pythia', 'addoutputfiles': [], 'maxjobruntime': 1250, 'numcores': 1, 'maxmemory': 4000, 'priority': 10, 'nonprodsw': 1, 'asyncdest': 'T3_US_FNALLPC', 'requireaccelerator': 0, 'oneEventMode': 0, 'extrajdl': [], 'ignoreglobalblacklist': 0, 'partialdataset': 0, 'inputblocks': [], 'tfileoutfiles': ['output.root'], 'edmoutfiles': [], 'jobarch': 'el8_amd64_gcc12', 'jobsw': 'CMSSW_14_1_X_2024-06-16-0000', 'cacheurl': 'https://cmsweb.cern.ch/S3/crabcache_prod', 'cachefilename': '9caf651517749de97a34e0a5095d1eff61a3d6be5e67783c9fa6c08e16d24e33.tar.gz', 'debugfilename': '794dee29ccee5401ed6c6be2f2bac269de9a5765fbe7a4abd368af766dfea4ee.tar.gz'} 
DEBUG 2024-06-24 15:52:21.754 UTC: 	 Encoded data for curl request: dryrun=0&workflow=crab_IsoTrk_2024C_Comissioning_v2&saveoutput=1&savelogsflag=1&inputdata=%2FCommissioning%2FRun2024C-HcalCalIsoTrk-PromptReco-v1%2FALCARECO&primarydataset=&nonvaliddata=0&dbsurl=https%3A%2F%2Fcmsweb.cern.ch%2Fdbs%2Fprod%2Fglobal%2FDBSReader&useparent=0&ignorelocality=0&splitalgo=FileBased&algoargs=1&totalunits=0&lfn=%2Fstore%2Fuser%2Fsmagedov%2F&publication=0&publishdbsurl=https%3A%2F%2Fcmsweb.cern.ch%2Fdbs%2Fprod%2Fphys03%2FDBSWriter&publishname2=&jobtype=Analysis&generator=pythia&maxjobruntime=1250&numcores=1&maxmemory=4000&priority=10&nonprodsw=1&asyncdest=T3_US_FNALLPC&requireaccelerator=0&oneEventMode=0&ignoreglobalblacklist=0&partialdataset=0&jobarch=el8_amd64_gcc12&jobsw=CMSSW_14_1_X_2024-06-16-0000&cacheurl=https%3A%2F%2Fcmsweb.cern.ch%2FS3%2Fcrabcache_prod&cachefilename=9caf651517749de97a34e0a5095d1eff61a3d6be5e67783c9fa6c08e16d24e33.tar.gz&debugfilename=794dee29ccee5401ed6c6be2f2bac269de9a5765fbe7a4abd368af766dfea4ee.tar.gz&tfileoutfiles=output.root
DEBUG 2024-06-24 15:52:21.807 UTC: 	 Result: {'result': [{'RequestName': '240624_155221:smagedov_crab_IsoTrk_2024C_Comissioning_v2'}]}
INFO 2024-06-24 15:52:21.810 UTC: 	 Success: Your task has been delivered to the prod CRAB3 server.
INFO 2024-06-24 15:52:21.810 UTC: 	 Task name: 240624_155221:smagedov_crab_IsoTrk_2024C_Comissioning_v2
INFO 2024-06-24 15:52:21.810 UTC: 	 Project dir: CRAB3_IsoTrkCalib_Comissioning_2024C_v2/crab_IsoTrk_2024C_Comissioning_v2
INFO 2024-06-24 15:52:21.810 UTC: 	 Please use ' crab status -d CRAB3_IsoTrkCalib_Comissioning_2024C_v2/crab_IsoTrk_2024C_Comissioning_v2 ' to check how the submission process proceeds.
DEBUG 2024-06-24 15:52:21.810 UTC: 	 About to return
INFO 2024-06-24 15:52:21.812 UTC: 	 Log file is /afs/cern.ch/user/s/smagedov/CMSSW_14_1_X_2024-06-16-0000/src/isoTrack/CRAB3_IsoTrkCalib_Comissioning_2024C_v2/crab_IsoTrk_2024C_Comissioning_v2/crab.log
